<?xml version="1.0" encoding="UTF-8"?>
<testsuite xmlns:xsi="http://www.w3.org/2001/XMLSchema-instance" xsi:noNamespaceSchemaLocation="https://maven.apache.org/surefire/maven-surefire-plugin/xsd/surefire-test-report-3.0.xsd" version="3.0" name="io.github.jmeter.mcp.client.McpClientFactoryTest" time="0.024" tests="7" errors="0" skipped="0" failures="0">
  <properties>
[...]
</properties>
  <testcase name="returnsEmptyForBlankArgs" classname="io.github.jmeter.mcp.client.McpClientFactoryTest" time="0.01"/>
  <testcase name="splitsQuotedArgs" classname="io.github.jmeter.mcp.client.McpClientFactoryTest" time="0.001"/>
  <testcase name="parsesEnvLines" classname="io.github.jmeter.mcp.client.McpClientFactoryTest" time="0.001"/>
  <testcase name="transportFromStringDefaultsToStdioWhenBlank" classname="io.github.jmeter.mcp.client.McpClientFactoryTest" time="0.001"/>
  <testcase name="transportFromStringRejectsGarbage" classname="io.github.jmeter.mcp.client.McpClientFactoryTest" time="0.001"/>
  <testcase name="transportFromStringIsCaseInsensitive" classname="io.github.jmeter.mcp.client.McpClientFactoryTest" time="0.0"/>
  <testcase name="splitsSimpleArgs" classname="io.github.jmeter.mcp.client.McpClientFactoryTest" time="0.0"/>
</testsuite>